Symlinking /home/mrhello/SimpleQuad/quad_ws/devel/include/quad_control/JointSpace.h
Symlinking /home/mrhello/SimpleQuad/quad_ws/devel/include/quad_control/TaskSpace.h
Symlinking /home/mrhello/SimpleQuad/quad_ws/devel/include/quad_control/Angle.h
Symlinking /home/mrhello/SimpleQuad/quad_ws/devel/lib/pkgconfig/quad_control.pc
Symlinking /home/mrhello/SimpleQuad/quad_ws/devel/lib/python3/dist-packages/quad_control/__init__.py
Symlinking /home/mrhello/SimpleQuad/quad_ws/devel/lib/python3/dist-packages/quad_control/msg/_TaskSpace.py
Symlinking /home/mrhello/SimpleQuad/quad_ws/devel/lib/python3/dist-packages/quad_control/msg/_Angle.py
Symlinking /home/mrhello/SimpleQuad/quad_ws/devel/lib/python3/dist-packages/quad_control/msg/_JointSpace.py
Symlinking /home/mrhello/SimpleQuad/quad_ws/devel/lib/python3/dist-packages/quad_control/msg/__init__.py
Symlinking /home/mrhello/SimpleQuad/quad_ws/devel/share/roseus/ros/quad_control/manifest.l
Symlinking /home/mrhello/SimpleQuad/quad_ws/devel/share/roseus/ros/quad_control/msg/Angle.l
Symlinking /home/mrhello/SimpleQuad/quad_ws/devel/share/roseus/ros/quad_control/msg/JointSpace.l
Symlinking /home/mrhello/SimpleQuad/quad_ws/devel/share/roseus/ros/quad_control/msg/TaskSpace.l
Symlinking /home/mrhello/SimpleQuad/quad_ws/devel/share/common-lisp/ros/quad_control/msg/JointSpace.lisp
Symlinking /home/mrhello/SimpleQuad/quad_ws/devel/share/common-lisp/ros/quad_control/msg/Angle.lisp
Symlinking /home/mrhello/SimpleQuad/quad_ws/devel/share/common-lisp/ros/quad_control/msg/TaskSpace.lisp
Symlinking /home/mrhello/SimpleQuad/quad_ws/devel/share/common-lisp/ros/quad_control/msg/_package_Angle.lisp
Symlinking /home/mrhello/SimpleQuad/quad_ws/devel/share/common-lisp/ros/quad_control/msg/_package_JointSpace.lisp
Symlinking /home/mrhello/SimpleQuad/quad_ws/devel/share/common-lisp/ros/quad_control/msg/_package_TaskSpace.lisp
Symlinking /home/mrhello/SimpleQuad/quad_ws/devel/share/common-lisp/ros/quad_control/msg/_package.lisp
Symlinking /home/mrhello/SimpleQuad/quad_ws/devel/share/common-lisp/ros/quad_control/msg/quad_control-msg.asd
Symlinking /home/mrhello/SimpleQuad/quad_ws/devel/share/quad_control/cmake/quad_controlConfig.cmake
Symlinking /home/mrhello/SimpleQuad/quad_ws/devel/share/quad_control/cmake/quad_control-msg-extras.cmake
Symlinking /home/mrhello/SimpleQuad/quad_ws/devel/share/quad_control/cmake/quad_controlConfig-version.cmake
Symlinking /home/mrhello/SimpleQuad/quad_ws/devel/share/quad_control/cmake/quad_control-msg-paths.cmake
Symlinking /home/mrhello/SimpleQuad/quad_ws/devel/share/gennodejs/ros/quad_control/_index.js
Symlinking /home/mrhello/SimpleQuad/quad_ws/devel/share/gennodejs/ros/quad_control/msg/Angle.js
Symlinking /home/mrhello/SimpleQuad/quad_ws/devel/share/gennodejs/ros/quad_control/msg/_index.js
Symlinking /home/mrhello/SimpleQuad/quad_ws/devel/share/gennodejs/ros/quad_control/msg/JointSpace.js
Symlinking /home/mrhello/SimpleQuad/quad_ws/devel/share/gennodejs/ros/quad_control/msg/TaskSpace.js
