Symlinking /home/mrhello/SimpleQuad/quad_ws/devel/include/quad_control/JointSpace.h
Symlinking /home/mrhello/SimpleQuad/quad_ws/devel/include/quad_control/TaskSpace.h
Symlinking /home/mrhello/SimpleQuad/quad_ws/devel/include/quad_control/Angle.h
Symlinking /home/mrhello/SimpleQuad/quad_ws/devel/lib/pkgconfig/quad_control.pc
Symlinking /home/mrhello/SimpleQuad/quad_ws/devel/lib/python3/dist-packages/quad_control/__init__.py
Symlinking /home/mrhello/SimpleQuad/quad_ws/devel/lib/python3/dist-packages/quad_control/msg/_TaskSpace.py
Symlinking /home/mrhello/SimpleQuad/quad_ws/devel/lib/python3/dist-packages/quad_control/msg/_Angle.py
Symlinking /home/mrhello/SimpleQuad/quad_ws/devel/lib/python3/dist-packages/quad_control/msg/_JointSpace.py
Symlinking /home/mrhello/SimpleQuad/quad_ws/devel/lib/python3/dist-packages/quad_control/msg/__init__.py
Symlinking /home/mrhello/SimpleQuad/quad_ws/devel/share/roseus/ros/quad_control/manifest.l
Symlinking /home/mrhello/SimpleQuad/quad_ws/devel/share/roseus/ros/quad_control/msg/Angle.l
Symlinking /home/mrhello/SimpleQuad/quad_ws/devel/share/roseus/ros/quad_control/msg/JointSpace.l
Symlinking /home/mrhello/SimpleQuad/quad_ws/devel/share/roseus/ros/quad_control/msg/TaskSpace.l
Symlinking /home/mrhello/SimpleQuad/quad_ws/devel/share/common-lisp/ros/quad_control/msg/JointSpace.lisp
Symlinking /home/mrhello/SimpleQuad/quad_ws/devel/share/common-lisp/ros/quad_control/msg/Angle.lisp
Symlinking /home/mrhello/SimpleQuad/quad_ws/devel/share/common-lisp/ros/quad_control/msg/TaskSpace.lisp
Symlinking /home/mrhello/SimpleQuad/quad_ws/devel/share/common-lisp/ros/quad_control/msg/_package_Angle.lisp
Symlinking /home/mrhello/SimpleQuad/quad_ws/devel/share/common-lisp/ros/quad_control/msg/_package_JointSpace.lisp
Symlinking /home/mrhello/SimpleQuad/quad_ws/devel/share/common-lisp/ros/quad_control/msg/_package_TaskSpace.lisp
Symlinking /home/mrhello/SimpleQuad/quad_ws/devel/share/common-lisp/ros/quad_control/msg/_package.lisp
Symlinking /home/mrhello/SimpleQuad/quad_ws/devel/share/common-lisp/ros/quad_control/msg/quad_control-msg.asd
Symlinking /home/mrhello/SimpleQuad/quad_ws/devel/share/quad_control/cmake/quad_controlConfig.cmake
Symlinking /home/mrhello/SimpleQuad/quad_ws/devel/share/quad_control/cmake/quad_control-msg-extras.cmake
Symlinking /home/mrhello/SimpleQuad/quad_ws/devel/share/quad_control/cmake/quad_controlConfig-version.cmake
Symlinking /home/mrhello/SimpleQuad/quad_ws/devel/share/quad_control/cmake/quad_control-msg-paths.cmake
Symlinking /home/mrhello/SimpleQuad/quad_ws/devel/share/gennodejs/ros/quad_control/_index.js
Symlinking /home/mrhello/SimpleQuad/quad_ws/devel/share/gennodejs/ros/quad_control/msg/Angle.js
Symlinking /home/mrhello/SimpleQuad/quad_ws/devel/share/gennodejs/ros/quad_control/msg/_index.js
Symlinking /home/mrhello/SimpleQuad/quad_ws/devel/share/gennodejs/ros/quad_control/msg/JointSpace.js
Symlinking /home/mrhello/SimpleQuad/quad_ws/devel/share/gennodejs/ros/quad_control/msg/TaskSpace.js
Cleaning: (/home/akash/SimpleQuad/quad_ws/devel/.private/quad_control/cmake.lock, /home/akash/SimpleQuad/quad_ws/devel/./cmake.lock)
Cleaning: (/home/akash/SimpleQuad/quad_ws/devel/.private/quad_control/lib/python3/dist-packages/quad_control/__init__.py, /home/akash/SimpleQuad/quad_ws/devel/lib/python3/dist-packages/quad_control/__init__.py)
Cleaning: (/home/akash/SimpleQuad/quad_ws/devel/.private/quad_control/lib/python3/dist-packages/quad_control/msg/_JointSpace.py, /home/akash/SimpleQuad/quad_ws/devel/lib/python3/dist-packages/quad_control/msg/_JointSpace.py)
Cleaning: (/home/akash/SimpleQuad/quad_ws/devel/.private/quad_control/lib/python3/dist-packages/quad_control/msg/_TaskSpace.py, /home/akash/SimpleQuad/quad_ws/devel/lib/python3/dist-packages/quad_control/msg/_TaskSpace.py)
Cleaning: (/home/akash/SimpleQuad/quad_ws/devel/.private/quad_control/lib/python3/dist-packages/quad_control/msg/_Angle.py, /home/akash/SimpleQuad/quad_ws/devel/lib/python3/dist-packages/quad_control/msg/_Angle.py)
Cleaning: (/home/akash/SimpleQuad/quad_ws/devel/.private/quad_control/lib/python3/dist-packages/quad_control/msg/__init__.py, /home/akash/SimpleQuad/quad_ws/devel/lib/python3/dist-packages/quad_control/msg/__init__.py)
Cleaning: (/home/akash/SimpleQuad/quad_ws/devel/.private/quad_control/lib/pkgconfig/quad_control.pc, /home/akash/SimpleQuad/quad_ws/devel/lib/pkgconfig/quad_control.pc)
Cleaning: (/home/akash/SimpleQuad/quad_ws/devel/.private/quad_control/share/quad_control/cmake/quad_controlConfig.cmake, /home/akash/SimpleQuad/quad_ws/devel/share/quad_control/cmake/quad_controlConfig.cmake)
Cleaning: (/home/akash/SimpleQuad/quad_ws/devel/.private/quad_control/share/quad_control/cmake/quad_controlConfig-version.cmake, /home/akash/SimpleQuad/quad_ws/devel/share/quad_control/cmake/quad_controlConfig-version.cmake)
Cleaning: (/home/akash/SimpleQuad/quad_ws/devel/.private/quad_control/share/quad_control/cmake/quad_control-msg-paths.cmake, /home/akash/SimpleQuad/quad_ws/devel/share/quad_control/cmake/quad_control-msg-paths.cmake)
Cleaning: (/home/akash/SimpleQuad/quad_ws/devel/.private/quad_control/share/quad_control/cmake/quad_control-msg-extras.cmake, /home/akash/SimpleQuad/quad_ws/devel/share/quad_control/cmake/quad_control-msg-extras.cmake)
Cleaning: (/home/akash/SimpleQuad/quad_ws/devel/.private/quad_control/share/roseus/ros/quad_control/manifest.l, /home/akash/SimpleQuad/quad_ws/devel/share/roseus/ros/quad_control/manifest.l)
Cleaning: (/home/akash/SimpleQuad/quad_ws/devel/.private/quad_control/share/roseus/ros/quad_control/msg/TaskSpace.l, /home/akash/SimpleQuad/quad_ws/devel/share/roseus/ros/quad_control/msg/TaskSpace.l)
Cleaning: (/home/akash/SimpleQuad/quad_ws/devel/.private/quad_control/share/roseus/ros/quad_control/msg/Angle.l, /home/akash/SimpleQuad/quad_ws/devel/share/roseus/ros/quad_control/msg/Angle.l)
Cleaning: (/home/akash/SimpleQuad/quad_ws/devel/.private/quad_control/share/roseus/ros/quad_control/msg/JointSpace.l, /home/akash/SimpleQuad/quad_ws/devel/share/roseus/ros/quad_control/msg/JointSpace.l)
Cleaning: (/home/akash/SimpleQuad/quad_ws/devel/.private/quad_control/share/gennodejs/ros/quad_control/_index.js, /home/akash/SimpleQuad/quad_ws/devel/share/gennodejs/ros/quad_control/_index.js)
Cleaning: (/home/akash/SimpleQuad/quad_ws/devel/.private/quad_control/share/gennodejs/ros/quad_control/msg/_index.js, /home/akash/SimpleQuad/quad_ws/devel/share/gennodejs/ros/quad_control/msg/_index.js)
Cleaning: (/home/akash/SimpleQuad/quad_ws/devel/.private/quad_control/share/gennodejs/ros/quad_control/msg/Angle.js, /home/akash/SimpleQuad/quad_ws/devel/share/gennodejs/ros/quad_control/msg/Angle.js)
Cleaning: (/home/akash/SimpleQuad/quad_ws/devel/.private/quad_control/share/gennodejs/ros/quad_control/msg/TaskSpace.js, /home/akash/SimpleQuad/quad_ws/devel/share/gennodejs/ros/quad_control/msg/TaskSpace.js)
Cleaning: (/home/akash/SimpleQuad/quad_ws/devel/.private/quad_control/share/gennodejs/ros/quad_control/msg/JointSpace.js, /home/akash/SimpleQuad/quad_ws/devel/share/gennodejs/ros/quad_control/msg/JointSpace.js)
Cleaning: (/home/akash/SimpleQuad/quad_ws/devel/.private/quad_control/share/common-lisp/ros/quad_control/msg/_package.lisp, /home/akash/SimpleQuad/quad_ws/devel/share/common-lisp/ros/quad_control/msg/_package.lisp)
Cleaning: (/home/akash/SimpleQuad/quad_ws/devel/.private/quad_control/share/common-lisp/ros/quad_control/msg/_package_JointSpace.lisp, /home/akash/SimpleQuad/quad_ws/devel/share/common-lisp/ros/quad_control/msg/_package_JointSpace.lisp)
Cleaning: (/home/akash/SimpleQuad/quad_ws/devel/.private/quad_control/share/common-lisp/ros/quad_control/msg/_package_TaskSpace.lisp, /home/akash/SimpleQuad/quad_ws/devel/share/common-lisp/ros/quad_control/msg/_package_TaskSpace.lisp)
Cleaning: (/home/akash/SimpleQuad/quad_ws/devel/.private/quad_control/share/common-lisp/ros/quad_control/msg/TaskSpace.lisp, /home/akash/SimpleQuad/quad_ws/devel/share/common-lisp/ros/quad_control/msg/TaskSpace.lisp)
Cleaning: (/home/akash/SimpleQuad/quad_ws/devel/.private/quad_control/share/common-lisp/ros/quad_control/msg/_package_Angle.lisp, /home/akash/SimpleQuad/quad_ws/devel/share/common-lisp/ros/quad_control/msg/_package_Angle.lisp)
Cleaning: (/home/akash/SimpleQuad/quad_ws/devel/.private/quad_control/share/common-lisp/ros/quad_control/msg/Angle.lisp, /home/akash/SimpleQuad/quad_ws/devel/share/common-lisp/ros/quad_control/msg/Angle.lisp)
Cleaning: (/home/akash/SimpleQuad/quad_ws/devel/.private/quad_control/share/common-lisp/ros/quad_control/msg/quad_control-msg.asd, /home/akash/SimpleQuad/quad_ws/devel/share/common-lisp/ros/quad_control/msg/quad_control-msg.asd)
Cleaning: (/home/akash/SimpleQuad/quad_ws/devel/.private/quad_control/share/common-lisp/ros/quad_control/msg/JointSpace.lisp, /home/akash/SimpleQuad/quad_ws/devel/share/common-lisp/ros/quad_control/msg/JointSpace.lisp)
Cleaning: (/home/akash/SimpleQuad/quad_ws/devel/.private/quad_control/include/quad_control/JointSpace.h, /home/akash/SimpleQuad/quad_ws/devel/include/quad_control/JointSpace.h)
Cleaning: (/home/akash/SimpleQuad/quad_ws/devel/.private/quad_control/include/quad_control/TaskSpace.h, /home/akash/SimpleQuad/quad_ws/devel/include/quad_control/TaskSpace.h)
Cleaning: (/home/akash/SimpleQuad/quad_ws/devel/.private/quad_control/include/quad_control/Angle.h, /home/akash/SimpleQuad/quad_ws/devel/include/quad_control/Angle.h)
Unlinking: /home/akash/SimpleQuad/quad_ws/devel/lib/python3/dist-packages/quad_control/__init__.py
Already unlinked: {}
Unlinking: /home/akash/SimpleQuad/quad_ws/devel/lib/python3/dist-packages/quad_control/msg/_JointSpace.py
Already unlinked: {}
Unlinking: /home/akash/SimpleQuad/quad_ws/devel/lib/python3/dist-packages/quad_control/msg/_TaskSpace.py
Already unlinked: {}
Unlinking: /home/akash/SimpleQuad/quad_ws/devel/lib/python3/dist-packages/quad_control/msg/_Angle.py
Already unlinked: {}
Unlinking: /home/akash/SimpleQuad/quad_ws/devel/lib/python3/dist-packages/quad_control/msg/__init__.py
Already unlinked: {}
Unlinking: /home/akash/SimpleQuad/quad_ws/devel/lib/pkgconfig/quad_control.pc
Already unlinked: {}
Unlinking: /home/akash/SimpleQuad/quad_ws/devel/share/quad_control/cmake/quad_controlConfig.cmake
Already unlinked: {}
Unlinking: /home/akash/SimpleQuad/quad_ws/devel/share/quad_control/cmake/quad_controlConfig-version.cmake
Already unlinked: {}
Unlinking: /home/akash/SimpleQuad/quad_ws/devel/share/quad_control/cmake/quad_control-msg-paths.cmake
Already unlinked: {}
Unlinking: /home/akash/SimpleQuad/quad_ws/devel/share/quad_control/cmake/quad_control-msg-extras.cmake
Already unlinked: {}
Unlinking: /home/akash/SimpleQuad/quad_ws/devel/share/roseus/ros/quad_control/manifest.l
Already unlinked: {}
Unlinking: /home/akash/SimpleQuad/quad_ws/devel/share/roseus/ros/quad_control/msg/TaskSpace.l
Already unlinked: {}
Unlinking: /home/akash/SimpleQuad/quad_ws/devel/share/roseus/ros/quad_control/msg/Angle.l
Already unlinked: {}
Unlinking: /home/akash/SimpleQuad/quad_ws/devel/share/roseus/ros/quad_control/msg/JointSpace.l
Already unlinked: {}
Unlinking: /home/akash/SimpleQuad/quad_ws/devel/share/gennodejs/ros/quad_control/_index.js
Already unlinked: {}
Unlinking: /home/akash/SimpleQuad/quad_ws/devel/share/gennodejs/ros/quad_control/msg/_index.js
Already unlinked: {}
Unlinking: /home/akash/SimpleQuad/quad_ws/devel/share/gennodejs/ros/quad_control/msg/Angle.js
Already unlinked: {}
Unlinking: /home/akash/SimpleQuad/quad_ws/devel/share/gennodejs/ros/quad_control/msg/TaskSpace.js
Already unlinked: {}
Unlinking: /home/akash/SimpleQuad/quad_ws/devel/share/gennodejs/ros/quad_control/msg/JointSpace.js
Already unlinked: {}
Unlinking: /home/akash/SimpleQuad/quad_ws/devel/share/common-lisp/ros/quad_control/msg/_package.lisp
Already unlinked: {}
Unlinking: /home/akash/SimpleQuad/quad_ws/devel/share/common-lisp/ros/quad_control/msg/_package_JointSpace.lisp
Already unlinked: {}
Unlinking: /home/akash/SimpleQuad/quad_ws/devel/share/common-lisp/ros/quad_control/msg/_package_TaskSpace.lisp
Already unlinked: {}
Unlinking: /home/akash/SimpleQuad/quad_ws/devel/share/common-lisp/ros/quad_control/msg/TaskSpace.lisp
Already unlinked: {}
Unlinking: /home/akash/SimpleQuad/quad_ws/devel/share/common-lisp/ros/quad_control/msg/_package_Angle.lisp
Already unlinked: {}
Unlinking: /home/akash/SimpleQuad/quad_ws/devel/share/common-lisp/ros/quad_control/msg/Angle.lisp
Already unlinked: {}
Unlinking: /home/akash/SimpleQuad/quad_ws/devel/share/common-lisp/ros/quad_control/msg/quad_control-msg.asd
Already unlinked: {}
Unlinking: /home/akash/SimpleQuad/quad_ws/devel/share/common-lisp/ros/quad_control/msg/JointSpace.lisp
Already unlinked: {}
Unlinking: /home/akash/SimpleQuad/quad_ws/devel/include/quad_control/JointSpace.h
Already unlinked: {}
Unlinking: /home/akash/SimpleQuad/quad_ws/devel/include/quad_control/TaskSpace.h
Already unlinked: {}
Unlinking: /home/akash/SimpleQuad/quad_ws/devel/include/quad_control/Angle.h
Already unlinked: {}
