Symlinking /home/akash/SimpleQuad/quad_ws/devel/lib/quad_peripheral_interfacing/cmake.lock
Symlinking /home/akash/SimpleQuad/quad_ws/devel/lib/quad_peripheral_interfacing/battery_voltage_checking.py
Symlinking /home/akash/SimpleQuad/quad_ws/devel/lib/python3/dist-packages/quad_peripheral_interfacing/__init__.py
Symlinking /home/akash/SimpleQuad/quad_ws/devel/lib/python3/dist-packages/quad_peripheral_interfacing/msg/_ElectricalMeasurements.py
Symlinking /home/akash/SimpleQuad/quad_ws/devel/lib/python3/dist-packages/quad_peripheral_interfacing/msg/__init__.py
Symlinking /home/akash/SimpleQuad/quad_ws/devel/lib/pkgconfig/quad_peripheral_interfacing.pc
Symlinking /home/akash/SimpleQuad/quad_ws/devel/share/quad_peripheral_interfacing/cmake/quad_peripheral_interfacingConfig-version.cmake
Symlinking /home/akash/SimpleQuad/quad_ws/devel/share/quad_peripheral_interfacing/cmake/quad_peripheral_interfacingConfig.cmake
Symlinking /home/akash/SimpleQuad/quad_ws/devel/share/quad_peripheral_interfacing/cmake/quad_peripheral_interfacing-msg-extras.cmake
Symlinking /home/akash/SimpleQuad/quad_ws/devel/share/quad_peripheral_interfacing/cmake/quad_peripheral_interfacing-msg-paths.cmake
Symlinking /home/akash/SimpleQuad/quad_ws/devel/share/roseus/ros/quad_peripheral_interfacing/manifest.l
Symlinking /home/akash/SimpleQuad/quad_ws/devel/share/roseus/ros/quad_peripheral_interfacing/msg/ElectricalMeasurements.l
Symlinking /home/akash/SimpleQuad/quad_ws/devel/share/gennodejs/ros/quad_peripheral_interfacing/_index.js
Symlinking /home/akash/SimpleQuad/quad_ws/devel/share/gennodejs/ros/quad_peripheral_interfacing/msg/ElectricalMeasurements.js
Symlinking /home/akash/SimpleQuad/quad_ws/devel/share/gennodejs/ros/quad_peripheral_interfacing/msg/_index.js
Symlinking /home/akash/SimpleQuad/quad_ws/devel/share/common-lisp/ros/quad_peripheral_interfacing/msg/_package.lisp
Symlinking /home/akash/SimpleQuad/quad_ws/devel/share/common-lisp/ros/quad_peripheral_interfacing/msg/ElectricalMeasurements.lisp
Symlinking /home/akash/SimpleQuad/quad_ws/devel/share/common-lisp/ros/quad_peripheral_interfacing/msg/quad_peripheral_interfacing-msg.asd
Symlinking /home/akash/SimpleQuad/quad_ws/devel/share/common-lisp/ros/quad_peripheral_interfacing/msg/_package_ElectricalMeasurements.lisp
Symlinking /home/akash/SimpleQuad/quad_ws/devel/include/quad_peripheral_interfacing/ElectricalMeasurements.h
