Symlinking /home/mrhello/SimpleQuad/quad_ws/devel/include/quad_peripheral_interfacing/ElectricalMeasurements.h
Symlinking /home/mrhello/SimpleQuad/quad_ws/devel/lib/pkgconfig/quad_peripheral_interfacing.pc
Symlinking /home/mrhello/SimpleQuad/quad_ws/devel/lib/python3/dist-packages/quad_peripheral_interfacing/__init__.py
Symlinking /home/mrhello/SimpleQuad/quad_ws/devel/lib/python3/dist-packages/quad_peripheral_interfacing/msg/_ElectricalMeasurements.py
Symlinking /home/mrhello/SimpleQuad/quad_ws/devel/lib/python3/dist-packages/quad_peripheral_interfacing/msg/__init__.py
Symlinking /home/mrhello/SimpleQuad/quad_ws/devel/lib/quad_peripheral_interfacing/cmake.lock
Symlinking /home/mrhello/SimpleQuad/quad_ws/devel/lib/quad_peripheral_interfacing/battery_voltage_checking.py
Symlinking /home/mrhello/SimpleQuad/quad_ws/devel/share/roseus/ros/quad_peripheral_interfacing/manifest.l
Symlinking /home/mrhello/SimpleQuad/quad_ws/devel/share/roseus/ros/quad_peripheral_interfacing/msg/ElectricalMeasurements.l
Symlinking /home/mrhello/SimpleQuad/quad_ws/devel/share/common-lisp/ros/quad_peripheral_interfacing/msg/quad_peripheral_interfacing-msg.asd
Symlinking /home/mrhello/SimpleQuad/quad_ws/devel/share/common-lisp/ros/quad_peripheral_interfacing/msg/ElectricalMeasurements.lisp
Symlinking /home/mrhello/SimpleQuad/quad_ws/devel/share/common-lisp/ros/quad_peripheral_interfacing/msg/_package_ElectricalMeasurements.lisp
Symlinking /home/mrhello/SimpleQuad/quad_ws/devel/share/common-lisp/ros/quad_peripheral_interfacing/msg/_package.lisp
Symlinking /home/mrhello/SimpleQuad/quad_ws/devel/share/quad_peripheral_interfacing/cmake/quad_peripheral_interfacing-msg-paths.cmake
Symlinking /home/mrhello/SimpleQuad/quad_ws/devel/share/quad_peripheral_interfacing/cmake/quad_peripheral_interfacingConfig.cmake
Symlinking /home/mrhello/SimpleQuad/quad_ws/devel/share/quad_peripheral_interfacing/cmake/quad_peripheral_interfacingConfig-version.cmake
Symlinking /home/mrhello/SimpleQuad/quad_ws/devel/share/quad_peripheral_interfacing/cmake/quad_peripheral_interfacing-msg-extras.cmake
Symlinking /home/mrhello/SimpleQuad/quad_ws/devel/share/gennodejs/ros/quad_peripheral_interfacing/_index.js
Symlinking /home/mrhello/SimpleQuad/quad_ws/devel/share/gennodejs/ros/quad_peripheral_interfacing/msg/_index.js
Symlinking /home/mrhello/SimpleQuad/quad_ws/devel/share/gennodejs/ros/quad_peripheral_interfacing/msg/ElectricalMeasurements.js
Cleaning: (/home/akash/SimpleQuad/quad_ws/devel/.private/quad_peripheral_interfacing/cmake.lock, /home/akash/SimpleQuad/quad_ws/devel/./cmake.lock)
Cleaning: (/home/akash/SimpleQuad/quad_ws/devel/.private/quad_peripheral_interfacing/lib/quad_peripheral_interfacing/cmake.lock, /home/akash/SimpleQuad/quad_ws/devel/lib/quad_peripheral_interfacing/cmake.lock)
Cleaning: (/home/akash/SimpleQuad/quad_ws/devel/.private/quad_peripheral_interfacing/lib/quad_peripheral_interfacing/battery_voltage_checking.py, /home/akash/SimpleQuad/quad_ws/devel/lib/quad_peripheral_interfacing/battery_voltage_checking.py)
Cleaning: (/home/akash/SimpleQuad/quad_ws/devel/.private/quad_peripheral_interfacing/lib/python3/dist-packages/quad_peripheral_interfacing/__init__.py, /home/akash/SimpleQuad/quad_ws/devel/lib/python3/dist-packages/quad_peripheral_interfacing/__init__.py)
Cleaning: (/home/akash/SimpleQuad/quad_ws/devel/.private/quad_peripheral_interfacing/lib/python3/dist-packages/quad_peripheral_interfacing/msg/_ElectricalMeasurements.py, /home/akash/SimpleQuad/quad_ws/devel/lib/python3/dist-packages/quad_peripheral_interfacing/msg/_ElectricalMeasurements.py)
Cleaning: (/home/akash/SimpleQuad/quad_ws/devel/.private/quad_peripheral_interfacing/lib/python3/dist-packages/quad_peripheral_interfacing/msg/__init__.py, /home/akash/SimpleQuad/quad_ws/devel/lib/python3/dist-packages/quad_peripheral_interfacing/msg/__init__.py)
Cleaning: (/home/akash/SimpleQuad/quad_ws/devel/.private/quad_peripheral_interfacing/lib/pkgconfig/quad_peripheral_interfacing.pc, /home/akash/SimpleQuad/quad_ws/devel/lib/pkgconfig/quad_peripheral_interfacing.pc)
Cleaning: (/home/akash/SimpleQuad/quad_ws/devel/.private/quad_peripheral_interfacing/share/quad_peripheral_interfacing/cmake/quad_peripheral_interfacingConfig-version.cmake, /home/akash/SimpleQuad/quad_ws/devel/share/quad_peripheral_interfacing/cmake/quad_peripheral_interfacingConfig-version.cmake)
Cleaning: (/home/akash/SimpleQuad/quad_ws/devel/.private/quad_peripheral_interfacing/share/quad_peripheral_interfacing/cmake/quad_peripheral_interfacingConfig.cmake, /home/akash/SimpleQuad/quad_ws/devel/share/quad_peripheral_interfacing/cmake/quad_peripheral_interfacingConfig.cmake)
Cleaning: (/home/akash/SimpleQuad/quad_ws/devel/.private/quad_peripheral_interfacing/share/quad_peripheral_interfacing/cmake/quad_peripheral_interfacing-msg-extras.cmake, /home/akash/SimpleQuad/quad_ws/devel/share/quad_peripheral_interfacing/cmake/quad_peripheral_interfacing-msg-extras.cmake)
Cleaning: (/home/akash/SimpleQuad/quad_ws/devel/.private/quad_peripheral_interfacing/share/quad_peripheral_interfacing/cmake/quad_peripheral_interfacing-msg-paths.cmake, /home/akash/SimpleQuad/quad_ws/devel/share/quad_peripheral_interfacing/cmake/quad_peripheral_interfacing-msg-paths.cmake)
Cleaning: (/home/akash/SimpleQuad/quad_ws/devel/.private/quad_peripheral_interfacing/share/roseus/ros/quad_peripheral_interfacing/manifest.l, /home/akash/SimpleQuad/quad_ws/devel/share/roseus/ros/quad_peripheral_interfacing/manifest.l)
Cleaning: (/home/akash/SimpleQuad/quad_ws/devel/.private/quad_peripheral_interfacing/share/roseus/ros/quad_peripheral_interfacing/msg/ElectricalMeasurements.l, /home/akash/SimpleQuad/quad_ws/devel/share/roseus/ros/quad_peripheral_interfacing/msg/ElectricalMeasurements.l)
Cleaning: (/home/akash/SimpleQuad/quad_ws/devel/.private/quad_peripheral_interfacing/share/gennodejs/ros/quad_peripheral_interfacing/_index.js, /home/akash/SimpleQuad/quad_ws/devel/share/gennodejs/ros/quad_peripheral_interfacing/_index.js)
Cleaning: (/home/akash/SimpleQuad/quad_ws/devel/.private/quad_peripheral_interfacing/share/gennodejs/ros/quad_peripheral_interfacing/msg/ElectricalMeasurements.js, /home/akash/SimpleQuad/quad_ws/devel/share/gennodejs/ros/quad_peripheral_interfacing/msg/ElectricalMeasurements.js)
Cleaning: (/home/akash/SimpleQuad/quad_ws/devel/.private/quad_peripheral_interfacing/share/gennodejs/ros/quad_peripheral_interfacing/msg/_index.js, /home/akash/SimpleQuad/quad_ws/devel/share/gennodejs/ros/quad_peripheral_interfacing/msg/_index.js)
Cleaning: (/home/akash/SimpleQuad/quad_ws/devel/.private/quad_peripheral_interfacing/share/common-lisp/ros/quad_peripheral_interfacing/msg/_package.lisp, /home/akash/SimpleQuad/quad_ws/devel/share/common-lisp/ros/quad_peripheral_interfacing/msg/_package.lisp)
Cleaning: (/home/akash/SimpleQuad/quad_ws/devel/.private/quad_peripheral_interfacing/share/common-lisp/ros/quad_peripheral_interfacing/msg/ElectricalMeasurements.lisp, /home/akash/SimpleQuad/quad_ws/devel/share/common-lisp/ros/quad_peripheral_interfacing/msg/ElectricalMeasurements.lisp)
Cleaning: (/home/akash/SimpleQuad/quad_ws/devel/.private/quad_peripheral_interfacing/share/common-lisp/ros/quad_peripheral_interfacing/msg/quad_peripheral_interfacing-msg.asd, /home/akash/SimpleQuad/quad_ws/devel/share/common-lisp/ros/quad_peripheral_interfacing/msg/quad_peripheral_interfacing-msg.asd)
Cleaning: (/home/akash/SimpleQuad/quad_ws/devel/.private/quad_peripheral_interfacing/share/common-lisp/ros/quad_peripheral_interfacing/msg/_package_ElectricalMeasurements.lisp, /home/akash/SimpleQuad/quad_ws/devel/share/common-lisp/ros/quad_peripheral_interfacing/msg/_package_ElectricalMeasurements.lisp)
Cleaning: (/home/akash/SimpleQuad/quad_ws/devel/.private/quad_peripheral_interfacing/include/quad_peripheral_interfacing/ElectricalMeasurements.h, /home/akash/SimpleQuad/quad_ws/devel/include/quad_peripheral_interfacing/ElectricalMeasurements.h)
Unlinking: /home/akash/SimpleQuad/quad_ws/devel/lib/quad_peripheral_interfacing/cmake.lock
Already unlinked: {}
Unlinking: /home/akash/SimpleQuad/quad_ws/devel/lib/quad_peripheral_interfacing/battery_voltage_checking.py
Already unlinked: {}
Unlinking: /home/akash/SimpleQuad/quad_ws/devel/lib/python3/dist-packages/quad_peripheral_interfacing/__init__.py
Already unlinked: {}
Unlinking: /home/akash/SimpleQuad/quad_ws/devel/lib/python3/dist-packages/quad_peripheral_interfacing/msg/_ElectricalMeasurements.py
Already unlinked: {}
Unlinking: /home/akash/SimpleQuad/quad_ws/devel/lib/python3/dist-packages/quad_peripheral_interfacing/msg/__init__.py
Already unlinked: {}
Unlinking: /home/akash/SimpleQuad/quad_ws/devel/lib/pkgconfig/quad_peripheral_interfacing.pc
Already unlinked: {}
Unlinking: /home/akash/SimpleQuad/quad_ws/devel/share/quad_peripheral_interfacing/cmake/quad_peripheral_interfacingConfig-version.cmake
Already unlinked: {}
Unlinking: /home/akash/SimpleQuad/quad_ws/devel/share/quad_peripheral_interfacing/cmake/quad_peripheral_interfacingConfig.cmake
Already unlinked: {}
Unlinking: /home/akash/SimpleQuad/quad_ws/devel/share/quad_peripheral_interfacing/cmake/quad_peripheral_interfacing-msg-extras.cmake
Already unlinked: {}
Unlinking: /home/akash/SimpleQuad/quad_ws/devel/share/quad_peripheral_interfacing/cmake/quad_peripheral_interfacing-msg-paths.cmake
Already unlinked: {}
Unlinking: /home/akash/SimpleQuad/quad_ws/devel/share/roseus/ros/quad_peripheral_interfacing/manifest.l
Already unlinked: {}
Unlinking: /home/akash/SimpleQuad/quad_ws/devel/share/roseus/ros/quad_peripheral_interfacing/msg/ElectricalMeasurements.l
Already unlinked: {}
Unlinking: /home/akash/SimpleQuad/quad_ws/devel/share/gennodejs/ros/quad_peripheral_interfacing/_index.js
Already unlinked: {}
Unlinking: /home/akash/SimpleQuad/quad_ws/devel/share/gennodejs/ros/quad_peripheral_interfacing/msg/ElectricalMeasurements.js
Already unlinked: {}
Unlinking: /home/akash/SimpleQuad/quad_ws/devel/share/gennodejs/ros/quad_peripheral_interfacing/msg/_index.js
Already unlinked: {}
Unlinking: /home/akash/SimpleQuad/quad_ws/devel/share/common-lisp/ros/quad_peripheral_interfacing/msg/_package.lisp
Already unlinked: {}
Unlinking: /home/akash/SimpleQuad/quad_ws/devel/share/common-lisp/ros/quad_peripheral_interfacing/msg/ElectricalMeasurements.lisp
Already unlinked: {}
Unlinking: /home/akash/SimpleQuad/quad_ws/devel/share/common-lisp/ros/quad_peripheral_interfacing/msg/quad_peripheral_interfacing-msg.asd
Already unlinked: {}
Unlinking: /home/akash/SimpleQuad/quad_ws/devel/share/common-lisp/ros/quad_peripheral_interfacing/msg/_package_ElectricalMeasurements.lisp
Already unlinked: {}
Unlinking: /home/akash/SimpleQuad/quad_ws/devel/include/quad_peripheral_interfacing/ElectricalMeasurements.h
Already unlinked: {}
